#
# A fatal error has been detected by the Java Runtime Environment:
#
#  EXCEPTION_ACCESS_VIOLATION (0xc0000005) at pc=0x000000001d01186a, pid=4576, tid=4880
#
# JRE version: 6.0_17-b04
# Java VM: Java HotSpot(TM) 64-Bit Server VM (14.3-b01 mixed mode windows-amd64 )
# Problematic frame:
# C  0x000000001d01186a
#
# If you would like to submit a bug report, please visit:
#   http://java.sun.com/webapps/bugreport/crash.jsp
# The crash happened outside the Java Virtual Machine in native code.
# See problematic frame for where to report the bug.
#

---------------  T H R E A D  ---------------

Current thread (0x00000000693ff800):  JavaThread "Main message loop" daemon [_thread_in_native, id=4880, stack(0x0000000025c90000,0x0000000025d10000)]

siginfo: ExceptionCode=0xc0000005, reading address 0x0000000000000000

Registers:
EAX=0x0000000027d519f8, EBX=0x0000000070b30f80, ECX=0x0000000000000000, EDX=0x0000000027d73520
ESP=0x0000000025cfe140, EBP=0x0000000080040104, ESI=0x0000000025d05f48, EDI=0x0000000027d73558
EIP=0x000000001d01186a, EFLAGS=0x0000000000010297

Top of Stack: (sp=0x0000000025cfe140)
0x0000000025cfe140:   0000000070b30f80 0000000080040104
0x0000000025cfe150:   0000000070b30f80 0000000027d73558
0x0000000025cfe160:   0000000000000030 0000000025cfe760
0x0000000025cfe170:   00000000693ff800 0000000025cfe480
0x0000000025cfe180:   0000000000000004 000000007c7b86b0
0x0000000025cfe190:   00000000693ff800 0000000025cfe4b0
0x0000000025cfe1a0:   0000000070e3f050 0000000000014adc
0x0000000025cfe1b0:   0000000078a65cf0 0000000078bff2f2
0x0000000025cfe1c0:   00000000693ff800 000000007a074d00
0x0000000025cfe1d0:   0000000025cfe2d0 00000000293c8020
0x0000000025cfe1e0:   000000007c7b86b8 0000000078a66215
0x0000000025cfe1f0:   000000003ed5f5e0 0000000078a755b3
0x0000000025cfe200:   0000000025cfe3f8 0000000025cfe3b8
0x0000000025cfe210:   00000000693ff800 000000007894f403
0x0000000025cfe220:   000000000000000c 0000000078a76513
0x0000000025cfe230:   0000000000000000 000000007c7b86b8 

Instructions: (pc=0x000000001d01186a)
0x000000001d01185a:   83 c0 08 83 38 02 7f 0d 48 8b 8c 24 90 7d 00 00
0x000000001d01186a:   48 8b 01 eb 66 83 38 03 75 0e 48 8b 8c 24 90 7d 


Stack: [0x0000000025c90000,0x0000000025d10000],  sp=0x0000000025cfe140,  free space=440k
Native frames: (J=compiled Java code, j=interpreted, Vv=VM code, C=native code)
C  0x000000001d01186a

Java frames: (J=compiled Java code, j=interpreted, Vv=VM code)
j  com.jniwrapper.Function.invokeCFunc(JJB[BII[II)I+0
J  com.jniwrapper.FunctionCall.a(ZJJJIBLcom/jniwrapper/Parameter;[Lcom/jniwrapper/Parameter;)J
j  com.jniwrapper.FunctionCall.call(JJBLcom/jniwrapper/Parameter;[Lcom/jniwrapper/Parameter;)J+11
j  com.jniwrapper.Function.invoke(Lcom/jniwrapper/Parameter;[Lcom/jniwrapper/Parameter;)J+24
j  com.jniwrapper.Function.invoke(Lcom/jniwrapper/Parameter;Lcom/jniwrapper/Parameter;)J+10
j  com.jniwrapper.win32.MessageLoopThread$LoopThread.run()V+299
v  ~StubRoutines::call_stub

---------------  P R O C E S S  ---------------

Java Threads: ( => current thread )
  0x0000000070cff000 JavaThread "SwingWorker-pool-7-thread-6" [_thread_blocked, id=2928, stack(0x0000000072c60000,0x0000000072ce0000)]
  0x0000000069408800 JavaThread "Image Fetcher 1" daemon [_thread_blocked, id=4324, stack(0x00000000290e0000,0x0000000029160000)]
  0x000000006940a800 JavaThread "Image Fetcher 0" daemon [_thread_blocked, id=2636, stack(0x0000000028050000,0x00000000280d0000)]
  0x00000000693ff000 JavaThread "Timer-26" daemon [_thread_blocked, id=5584, stack(0x0000000027f70000,0x0000000027ff0000)]
=>0x00000000693ff800 JavaThread "Main message loop" daemon [_thread_in_native, id=4880, stack(0x0000000025c90000,0x0000000025d10000)]
  0x0000000069401000 JavaThread "com.jniwrapper.NativeResourceCollector" daemon [_thread_blocked, id=5432, stack(0x0000000025390000,0x0000000025410000)]
  0x0000000069409000 JavaThread "Swing-Shell" daemon [_thread_blocked, id=4024, stack(0x00000000257f0000,0x0000000025870000)]
  0x0000000069407800 JavaThread "Code Analyzer updating thread" [_thread_blocked, id=3960, stack(0x00000000702f0000,0x0000000070370000)]
  0x0000000069407000 JavaThread "Code Analyzer updating thread" [_thread_blocked, id=5212, stack(0x000000006c760000,0x000000006c7e0000)]
  0x0000000069404800 JavaThread "Active Reference Queue Daemon" daemon [_thread_blocked, id=5992, stack(0x000000006c910000,0x000000006c990000)]
  0x0000000069406000 JavaThread "Timer-8" daemon [_thread_blocked, id=1520, stack(0x000000006c880000,0x000000006c900000)]
  0x0000000069405800 JavaThread "Timer-7" daemon [_thread_blocked, id=4384, stack(0x0000000070160000,0x00000000701e0000)]
  0x0000000069404000 JavaThread "Explorer NavigationContext request queue" [_thread_blocked, id=4104, stack(0x000000006c7e0000,0x000000006c860000)]
  0x0000000069402800 JavaThread "AddressBar directory emptiness poller" [_thread_blocked, id=2800, stack(0x000000006c170000,0x000000006c1f0000)]
  0x0000000069402000 JavaThread "Explorer Refresh Service 75518616" [_thread_blocked, id=5760, stack(0x000000006c0d0000,0x000000006c150000)]
  0x0000000069400800 JavaThread "Timer-1" daemon [_thread_blocked, id=3064, stack(0x000000006be90000,0x000000006bf10000)]
  0x00000000693fd800 JavaThread "TimerQueue" daemon [_thread_blocked, id=5612, stack(0x00000000252f0000,0x0000000025370000)]
  0x00000000693fc800 JavaThread "Thread-5" daemon [_thread_blocked, id=3932, stack(0x000000000d770000,0x000000000d7f0000)]
  0x00000000693fc000 JavaThread "FelixPackageAdmin" daemon [_thread_blocked, id=5996, stack(0x0000000018f30000,0x0000000018fb0000)]
  0x000000006982d800 JavaThread "FelixStartLevel" daemon [_thread_blocked, id=796, stack(0x000000001d040000,0x000000001d0c0000)]
  0x00000000695cb800 JavaThread "FelixDispatchQueue" daemon [_thread_blocked, id=1208, stack(0x000000000e960000,0x000000000e9e0000)]
  0x0000000069565000 JavaThread "AWT-EventQueue-0" [_thread_in_Java, id=3492, stack(0x000000000fb50000,0x000000000fbd0000)]
  0x00000000694ac000 JavaThread "com.google.common.base.internal.Finalizer" daemon [_thread_blocked, id=6092, stack(0x000000000fcb0000,0x000000000fd30000)]
  0x000000000ee7f000 JavaThread "AWT-Windows" daemon [_thread_in_native, id=5244, stack(0x000000000f890000,0x000000000f910000)]
  0x000000000ee7d000 JavaThread "AWT-Shutdown" [_thread_blocked, id=4904, stack(0x000000000f680000,0x000000000f700000)]
  0x000000000e8a1000 JavaThread "Java2D Disposer" daemon [_thread_blocked, id=5816, stack(0x000000000f7c0000,0x000000000f840000)]
  0x0000000069113800 JavaThread "Timer-0" [_thread_blocked, id=5356, stack(0x000000000f730000,0x000000000f7b0000)]
  0x0000000068faf800 JavaThread "EventMgr Dispatcher" daemon [_thread_in_native, id=5864, stack(0x0000000008fc0000,0x000000000cfc0000)]
  0x000000000e8fc000 JavaThread "Low Memory Detector" daemon [_thread_blocked, id=3076, stack(0x000000000e630000,0x000000000e6b0000)]
  0x000000000e8f5800 JavaThread "CompilerThread1" daemon [_thread_in_native, id=4060, stack(0x0000000080000000,0x0000000084000000)]
  0x000000000e8ef800 JavaThread "CompilerThread0" daemon [_thread_in_vm, id=3168, stack(0x0000000064ea0000,0x0000000068ea0000)]
  0x000000000e8ee800 JavaThread "Attach Listener" daemon [_thread_blocked, id=2772, stack(0x000000000ea00000,0x000000000ea80000)]
  0x000000000e896000 JavaThread "Finalizer" daemon [_thread_blocked, id=5700, stack(0x000000000e6b0000,0x000000000e730000)]
  0x000000000e887800 JavaThread "Reference Handler" daemon [_thread_blocked, id=5936, stack(0x000000000e5b0000,0x000000000e630000)]
  0x0000000005b5f800 JavaThread "main" [_thread_in_native, id=5728, stack(0x0000000000090000,0x0000000004090000)]

Other Threads:
  0x000000000e882800 VMThread [stack: 0x0000000060d60000,0x0000000064d60000] [id=600]
  0x000000000e921000 WatcherThread [stack: 0x00000000840c0000,0x00000000880c0000] [id=4744]

VM state:not at safepoint (normal execution)

VM Mutex/Monitor currently owned by a thread:  ([mutex/lock_event])
[0x0000000005bd3050] Compile_lock - owner thread: 0x000000000e8ef800

Heap
 PSYoungGen      total 32256K, used 32100K [0x000000003d690000, 0x0000000040790000, 0x0000000040790000)
  eden space 23936K, 99% used [0x000000003d690000,0x000000003edd8cf8,0x000000003edf0000)
  from space 8320K, 99% used [0x000000003edf0000,0x000000003f600328,0x000000003f610000)
  to   space 13568K, 0% used [0x000000003fa50000,0x000000003fa50000,0x0000000040790000)
 PSOldGen        total 68032K, used 48882K [0x0000000034390000, 0x0000000038600000, 0x000000003d690000)
  object space 68032K, 71% used [0x0000000034390000,0x000000003734c810,0x0000000038600000)
 PSPermGen       total 103680K, used 73154K [0x000000002c390000, 0x00000000328d0000, 0x0000000034390000)
  object space 103680K, 70% used [0x000000002c390000,0x0000000030b00a50,0x00000000328d0000)

Dynamic libraries:
0x000000013f920000 - 0x000000013f94d000 	C:\Program Files\MATLAB\R2012b\bin\win64\MATLAB.exe
0x0000000077350000 - 0x00000000774f9000 	C:\Windows\SYSTEM32\ntdll.dll
0x00000000770e0000 - 0x00000000771ff000 	C:\Windows\system32\kernel32.dll
0x000007fefd8a0000 - 0x000007fefd90b000 	C:\Windows\system32\KERNELBASE.dll
0x0000000074460000 - 0x000000007451f000 	C:\Program Files\MATLAB\R2012b\bin\win64\libut.dll
0x00000000758a0000 - 0x000000007595c000 	C:\Program Files\MATLAB\R2012b\bin\win64\libmwi18n.dll
0x0000000180000000 - 0x000000018000b000 	C:\Program Files\MATLAB\R2012b\bin\win64\libmwresource_core.dll
0x0000000072a10000 - 0x0000000072ae3000 	C:\Windows\WinSxS\amd64_microsoft.vc90.crt_1fc8b3b9a1e18e3b_9.0.30729.6161_none_08e61857a83bc251\MSVCP90.dll
0x0000000072af0000 - 0x0000000072b93000 	C:\Windows\WinSxS\amd64_microsoft.vc90.crt_1fc8b3b9a1e18e3b_9.0.30729.6161_none_08e61857a83bc251\MSVCR90.dll
0x000000007a170000 - 0x000000007a19c000 	C:\Program Files\MATLAB\R2012b\bin\win64\boost_filesystem-vc90-mt-1_44.dll
0x000000007a560000 - 0x000000007a569000 	C:\Program Files\MATLAB\R2012b\bin\win64\boost_system-vc90-mt-1_44.dll
0x000007fefdb80000 - 0x000007fefdc5b000 	C:\Windows\system32\ADVAPI32.dll
0x000007fefdce0000 - 0x000007fefdd7f000 	C:\Windows\system32\msvcrt.dll
0x000007feff640000 - 0x000007feff65f000 	C:\Windows\SYSTEM32\sechost.dll
0x000007fefedd0000 - 0x000007fefeefd000 	C:\Windows\system32\RPCRT4.dll
0x000000007a010000 - 0x000000007a035000 	C:\Program Files\MATLAB\R2012b\bin\win64\LIBEXPAT.dll
0x000000006c210000 - 0x000000006c401000 	C:\Program Files\MATLAB\R2012b\bin\win64\icuin44.dll
0x000000006c490000 - 0x000000006c601000 	C:\Program Files\MATLAB\R2012b\bin\win64\icuuc44.dll
0x0000000010000000 - 0x0000000010e41000 	C:\Program Files\MATLAB\R2012b\bin\win64\icudt44.dll
0x0000000073f70000 - 0x000000007411d000 	C:\Program Files\MATLAB\R2012b\bin\win64\libmwfl.dll
0x00000000042a0000 - 0x0000000004656000 	C:\Program Files\MATLAB\R2012b\bin\win64\libmwMATLAB_res.dll
0x000000007a3b0000 - 0x000000007a3c0000 	C:\Program Files\MATLAB\R2012b\bin\win64\boost_date_time-vc90-mt-1_44.dll
0x000000007a250000 - 0x000000007a263000 	C:\Program Files\MATLAB\R2012b\bin\win64\boost_signals-vc90-mt-1_44.dll
0x000000007a2d0000 - 0x000000007a2e2000 	C:\Program Files\MATLAB\R2012b\bin\win64\boost_thread-vc90-mt-1_44.dll
0x0000000004660000 - 0x000000000471d000 	C:\Program Files\MATLAB\R2012b\bin\win64\boost_log-vc90-mt-1_44.dll
0x0000000077520000 - 0x0000000077527000 	C:\Windows\system32\PSAPI.DLL
0x000007fefdef0000 - 0x000007fefdf3d000 	C:\Windows\system32\WS2_32.dll
0x000007fefef00000 - 0x000007fefef08000 	C:\Windows\system32\NSI.dll
0x0000000004720000 - 0x0000000004766000 	C:\Program Files\MATLAB\R2012b\bin\win64\tbb.dll
0x000007fefded0000 - 0x000007fefdee9000 	C:\Windows\system32\imagehlp.dll
0x00000000707f0000 - 0x0000000070803000 	C:\Program Files\MATLAB\R2012b\bin\win64\icuio44.dll
0x000007fef2f40000 - 0x000007fef3065000 	C:\Windows\system32\dbghelp.dll
0x0000000076fe0000 - 0x00000000770da000 	C:\Windows\system32\USER32.dll
0x000007fefef10000 - 0x000007fefef77000 	C:\Windows\system32\GDI32.dll
0x000007feff450000 - 0x000007feff45e000 	C:\Windows\system32\LPK.dll
0x000007fefef80000 - 0x000007feff049000 	C:\Windows\system32\USP10.dll
0x0000000004790000 - 0x0000000004a6c000 	C:\Program Files\MATLAB\R2012b\bin\win64\libmwservices.dll
0x0000000075a20000 - 0x0000000075af3000 	C:\Program Files\MATLAB\R2012b\bin\win64\libmx.dll
0x0000000004a90000 - 0x0000000004ab9000 	C:\Program Files\MATLAB\R2012b\bin\win64\tbbmalloc.dll
0x000000007a210000 - 0x000000007a228000 	C:\Program Files\MATLAB\R2012b\bin\win64\zlib1.dll
0x0000000004ae0000 - 0x0000000004b2d000 	C:\Program Files\MATLAB\R2012b\bin\win64\libmwregexp.dll
0x0000000004b40000 - 0x0000000004b63000 	C:\Program Files\MATLAB\R2012b\bin\win64\libmwmfl_scalar.dll
0x0000000075f10000 - 0x0000000075f60000 	C:\Program Files\MATLAB\R2012b\bin\win64\mpath.dll
0x000000007b680000 - 0x000000007bc9a000 	C:\Program Files\MATLAB\R2012b\bin\win64\mlutil.dll
0x00000000754d0000 - 0x0000000075551000 	C:\Program Files\MATLAB\R2012b\bin\win64\xmlcore.dll
0x0000000004bb0000 - 0x0000000004e03000 	C:\Program Files\MATLAB\R2012b\bin\win64\xerces-c_2_7.dll
0x0000000004e20000 - 0x0000000004e40000 	C:\Program Files\MATLAB\R2012b\bin\win64\libmwMATLAB_settings_res.dll
0x0000000004e50000 - 0x0000000004e60000 	C:\Program Files\MATLAB\R2012b\bin\win64\boost_iostreams-vc90-mt-1_44.dll
0x0000000004e70000 - 0x0000000004eb7000 	C:\Program Files\MATLAB\R2012b\bin\win64\boost_serialization-vc90-mt-1_44.dll
0x000007fefe040000 - 0x000007fefedc8000 	C:\Windows\system32\SHELL32.dll
0x000007fefdc60000 - 0x000007fefdcd1000 	C:\Windows\system32\SHLWAPI.dll
0x000007fef9900000 - 0x000007fef99a0000 	C:\Windows\WinSxS\amd64_microsoft.windows.common-controls_6595b64144ccf1df_5.82.7601.17514_none_a4d6a923711520a9\COMCTL32.dll
0x000007fefdf40000 - 0x000007fefdfd7000 	C:\Windows\system32\COMDLG32.dll
0x000007fefcc30000 - 0x000007fefcc46000 	C:\Windows\system32\NETAPI32.dll
0x000007fefcc20000 - 0x000007fefcc2c000 	C:\Windows\system32\netutils.dll
0x000007fefd320000 - 0x000007fefd343000 	C:\Windows\system32\srvcli.dll
0x000007fefcc00000 - 0x000007fefcc15000 	C:\Windows\system32\wkscli.dll
0x000007feff240000 - 0x000007feff443000 	C:\Windows\system32\ole32.dll
0x000007feff050000 - 0x000007feff127000 	C:\Windows\system32\OLEAUT32.dll
0x0000000074970000 - 0x0000000074a31000 	C:\Program Files\MATLAB\R2012b\bin\win64\mcr.dll
0x0000000075000000 - 0x00000000753e9000 	C:\Program Files\MATLAB\R2012b\bin\win64\iqm.dll
0x0000000074e80000 - 0x0000000074f38000 	C:\Program Files\MATLAB\R2012b\bin\win64\m_dispatcher.dll
0x0000000074880000 - 0x000000007496d000 	C:\Program Files\MATLAB\R2012b\bin\win64\boost_regex-vc90-mt-1_44.dll
0x000007fef26c0000 - 0x000007fef2f31000 	C:\Program Files\MATLAB\R2012b\bin\win64\m_interpreter.dll
0x00000000707c0000 - 0x00000000707e7000 	C:\Program Files\MATLAB\R2012b\bin\win64\libmex.dll
0x000000006bc30000 - 0x000000006bcb4000 	C:\Program Files\MATLAB\R2012b\bin\win64\profiler.dll
0x0000000004f40000 - 0x00000000051aa000 	C:\Program Files\MATLAB\R2012b\bin\win64\libmwmathutil.dll
0x0000000079f40000 - 0x0000000079f6e000 	C:\Program Files\MATLAB\R2012b\bin\win64\libmwmathrng.dll
0x00000000051d0000 - 0x00000000051e2000 	C:\Program Files\MATLAB\R2012b\bin\win64\libmwmfl_rng.dll
0x0000000074c10000 - 0x0000000074cee000 	C:\Program Files\MATLAB\R2012b\bin\win64\libmwmathcore.dll
0x0000000076160000 - 0x00000000761ca000 	C:\Program Files\MATLAB\R2012b\bin\win64\libmwspmatrix.dll
0x0000000075ea0000 - 0x0000000075f02000 	C:\Program Files\MATLAB\R2012b\bin\win64\libmwcholmod.dll
0x000000007a460000 - 0x000000007a46d000 	C:\Program Files\MATLAB\R2012b\bin\win64\libmwamd.dll
0x000000007a4b0000 - 0x000000007a4bc000 	C:\Program Files\MATLAB\R2012b\bin\win64\libmwcolamd.dll
0x000000007a290000 - 0x000000007a2a9000 	C:\Program Files\MATLAB\R2012b\bin\win64\libmwblas.dll
0x000000007a310000 - 0x000000007a321000 	C:\Program Files\MATLAB\R2012b\bin\win64\libmwbinder.dll
0x000000007a4d0000 - 0x000000007a4dc000 	C:\Program Files\MATLAB\R2012b\bin\win64\libmwompwrapper.dll
0x0000000005280000 - 0x0000000005305000 	C:\Program Files\MATLAB\R2012b\bin\win64\libmwlapack.dll
0x000000006c9f0000 - 0x000000006ca11000 	C:\Program Files\MATLAB\R2012b\bin\win64\m_pcodeio.dll
0x0000000079b10000 - 0x0000000079b77000 	C:\Program Files\MATLAB\R2012b\bin\win64\m_ir.dll
0x000000006b5c0000 - 0x000000006bc30000 	C:\Program Files\MATLAB\R2012b\bin\win64\m_parser.dll
0x0000000070810000 - 0x000000007082a000 	C:\Program Files\MATLAB\R2012b\bin\win64\ir_xfmr.dll
0x000007fef2420000 - 0x000007fef26b6000 	C:\Program Files\MATLAB\R2012b\bin\win64\mcos.dll
0x00000000707a0000 - 0x00000000707b1000 	C:\Program Files\MATLAB\R2012b\bin\win64\mtok.dll
0x000000006c450000 - 0x000000006c481000 	C:\Program Files\MATLAB\R2012b\bin\win64\m_pcodegen.dll
0x0000000079fb0000 - 0x0000000079fe6000 	C:\Program Files\MATLAB\R2012b\bin\win64\libmwbridge.dll
0x000000006b4f0000 - 0x000000006b5b8000 	C:\Program Files\MATLAB\R2012b\bin\win64\udd.dll
0x000000006b390000 - 0x000000006b4e2000 	C:\Program Files\MATLAB\R2012b\bin\win64\libmwgui.dll
0x000000006c430000 - 0x000000006c447000 	C:\Program Files\MATLAB\R2012b\bin\win64\graphics_util.dll
0x000000006a930000 - 0x000000006b38f000 	C:\Program Files\MATLAB\R2012b\bin\win64\hg.dll
0x00000000053e0000 - 0x0000000005448000 	C:\Program Files\MATLAB\R2012b\bin\win64\libmat.dll
0x0000000072d30000 - 0x0000000072f44000 	C:\Program Files\MATLAB\R2012b\bin\win64\hdf5dll.dll
0x0000000075710000 - 0x00000000757de000 	C:\Program Files\MATLAB\R2012b\bin\win64\jmi.dll
0x0000000005480000 - 0x000000000548d000 	C:\Program Files\MATLAB\R2012b\bin\win64\nativejava_services.dll
0x000000006a8e0000 - 0x000000006a926000 	C:\Program Files\MATLAB\R2012b\bin\win64\libmwhardcopy.dll
0x000000006a870000 - 0x000000006a8d3000 	C:\Program Files\MATLAB\R2012b\bin\win64\libuij.dll
0x000000006a600000 - 0x000000006a864000 	C:\Program Files\MATLAB\R2012b\bin\win64\hgdatatypes.dll
0x000000006a4e0000 - 0x000000006a5ff000 	C:\Program Files\MATLAB\R2012b\bin\win64\hgutils.dll
0x000000006a420000 - 0x000000006a4e0000 	C:\Program Files\MATLAB\R2012b\bin\win64\udd_mi.dll
0x00000000054f0000 - 0x000000000552b000 	C:\Program Files\MATLAB\R2012b\bin\win64\libmwgbtutils.dll
0x0000000005540000 - 0x000000000555b000 	C:\Program Files\MATLAB\R2012b\bin\win64\libmwgbt.dll
0x0000000005570000 - 0x0000000005841000 	C:\Program Files\MATLAB\R2012b\bin\win64\uiw.dll
0x000000006c420000 - 0x000000006c42f000 	C:\Program Files\MATLAB\R2012b\bin\win64\uinone.dll
0x0000000005870000 - 0x0000000005899000 	C:\Program Files\MATLAB\R2012b\bin\win64\libmwnativefiledialogs.dll
0x00000000058b0000 - 0x00000000058b8000 	C:\Program Files\MATLAB\R2012b\bin\win64\libmwplatform_res.dll
0x000007fef8c10000 - 0x000007fef8c28000 	C:\Windows\system32\MPR.dll
0x0000000069f30000 - 0x000000006a414000 	C:\Windows\WinSxS\amd64_microsoft.vc90.mfc_1fc8b3b9a1e18e3b_9.0.30729.6161_none_044aad0bab1eb146\mfc90.dll
0x000007fef9ed0000 - 0x000007fef9ed7000 	C:\Windows\system32\MSIMG32.dll
0x000007fef9880000 - 0x000007fef98f1000 	C:\Windows\system32\WINSPOOL.DRV
0x0000000069f00000 - 0x0000000069f22000 	C:\Program Files\MATLAB\R2012b\bin\win64\mwoles05.DLL
0x0000000069e80000 - 0x0000000069efd000 	C:\Program Files\MATLAB\R2012b\bin\win64\comcli.dll
0x00000000729e0000 - 0x0000000072a0f000 	C:\Windows\WinSxS\amd64_microsoft.vc90.atl_1fc8b3b9a1e18e3b_9.0.30729.6161_none_0a1fd3a3a768b895\ATL90.DLL
0x0000000071c70000 - 0x0000000071c7c000 	C:\Program Files\MATLAB\R2012b\bin\win64\mlautoregister.dll
0x000007fefde00000 - 0x000007fefde2e000 	C:\Windows\system32\IMM32.DLL
0x000007feff130000 - 0x000007feff239000 	C:\Windows\system32\MSCTF.dll
0x000007fefb8e0000 - 0x000007fefb936000 	C:\Windows\system32\UxTheme.dll
0x000007fefaff0000 - 0x000007fefb008000 	C:\Windows\system32\dwmapi.dll
0x000000006c200000 - 0x000000006c20d000 	C:\Windows\WinSxS\amd64_microsoft.vc90.mfcloc_1fc8b3b9a1e18e3b_9.0.30729.6161_none_01c9581e60cbee58\MFC90ENU.DLL
0x0000000078870000 - 0x0000000078ecd000 	C:\Program Files\MATLAB\R2012b\sys\java\jre\win64\jre\bin\server\jvm.dll
0x000007fef9ee0000 - 0x000007fef9f1b000 	C:\Windows\system32\WINMM.dll
0x000007fefd7b0000 - 0x000007fefd7bf000 	C:\Windows\system32\profapi.dll
0x000007fefbe10000 - 0x000007fefbe25000 	C:\Windows\system32\NLAapi.dll
0x000007fefa390000 - 0x000007fefa3a5000 	C:\Windows\system32\napinsp.dll
0x000007fefa370000 - 0x000007fefa389000 	C:\Windows\system32\pnrpnsp.dll
0x000007fefd020000 - 0x000007fefd075000 	C:\Windows\System32\mswsock.dll
0x000007fefcea0000 - 0x000007fefcefb000 	C:\Windows\system32\DNSAPI.dll
0x000007fefab10000 - 0x000007fefab1b000 	C:\Windows\System32\winrnr.dll
0x000007fef8be0000 - 0x000007fef8c0e000 	C:\Program Files\Common Files\Microsoft Shared\Windows Live\WLIDNSP.DLL

VM Arguments:
jvm_args: -Xss512k -XX:PermSize=32m -Xms64m -XX:NewRatio=3 -XX:MaxPermSize=128m -Xmx196m -XX:MaxDirectMemorySize=2147400000 -Dsun.java2d.noddraw=true -Dsun.awt.nopixfmt=true -Xshare:off -Xrs -Dsun.awt.disableMixing=true -Djava.library.path=C:\Program Files\MATLAB\R2012b\bin\win64;C:\Program Files\MATLAB\R2012b\sys\jxbrowser\win64\lib vfprintf abort 
java_command: <unknown>
Launcher Type: generic

Environment Variables:
PATH=C:\Program Files (x86)\Measurement Computing\DAQ\;C:\Program Files (x86)\Intel\iCLS Client\;C:\Program Files\Intel\iCLS Client\;C:\Program Files\Common Files\Microsoft Shared\Windows Live;C:\Program Files (x86)\Common Files\Microsoft Shared\Windows Live;C:\Windows\system32;C:\Windows;C:\Windows\System32\Wbem;C:\Windows\System32\WindowsPowerShell\v1.0\;C:\Program Files\Dell\Dell Data Protection\Access\Advanced\Wave\Gemalto\Access Client\v5\;C:\Program Files (x86)\NTRU Cryptosystems\NTRU TCG Software Stack\bin\;C:\Program Files\NTRU Cryptosystems\NTRU TCG Software Stack\bin\;C:\Program Files (x86)\Windows Live\Shared;C:\Program Files\MATLAB\R2012b\runtime\win64;C:\Program Files\MATLAB\R2012b\bin;C:\Program Files\MATLAB\R2012a\runtime\win64;C:\Program Files\MATLAB\R2012a\bin;C:\Program Files\Intel\DMIX;c:\Program Files (x86)\Microsoft SQL Server\90\Tools\binn\;C:\Program Files\Intel\Intel(R) Management Engine Components\DAL;C:\Program Files\Intel\Intel(R) Management Engine Components\IPT;C:\Program Files (x86)\Intel\Intel(R) Management Engine Components\DAL;C:\Program Files (x86)\Intel\Intel(R) Management Engine Components\IPT;;C:\Program Files (x86)\Innsport\Istmas\Default DLLs
USERNAME=BioE
OS=Windows_NT
PROCESSOR_IDENTIFIER=Intel64 Family 6 Model 58 Stepping 9, GenuineIntel



---------------  S Y S T E M  ---------------

OS: Windows 7 Build 7601 Service Pack 1

CPU:total 8 (8 cores per cpu, 2 threads per core) family 6 model 58 stepping 9, cmov, cx8, fxsr, mmx, sse, sse2, sse3, ssse3, sse4.1, sse4.2, ht

Memory: 4k page, physical 16730612k(14147760k free), swap 33459372k(29497572k free)

vm_info: Java HotSpot(TM) 64-Bit Server VM (14.3-b01) for windows-amd64 JRE (1.6.0_17-b04), built on Oct 11 2009 00:46:08 by "java_re" with MS VC++ 8.0

time: Fri Sep 13 11:06:59 2013
elapsed time: 112 seconds

